[2019-11-03 19:22:06.245] [exthost] [info] extension host started
[2019-11-03 19:22:06.381] [exthost] [info] ExtensionService#_doActivateExtension HookyQR.beautify {"startup":true,"activationEvent":"*"}
[2019-11-03 19:22:06.381] [exthost] [info] ExtensionService#loadCommonJSModule C:\Users\User\.codemix\extensions\hookyqr.beautify-1.3.0\extension
[2019-11-03 19:22:08.841] [exthost] [info] ExtensionService#_doActivateExtension christian-kohler.path-intellisense {"startup":true,"activationEvent":"*"}
[2019-11-03 19:22:08.841] [exthost] [info] ExtensionService#loadCommonJSModule C:\Users\User\.codemix\extensions\christian-kohler.path-intellisense-1.4.2\out\src\extension
[2019-11-03 19:22:09.796] [exthost] [info] ExtensionService#_doActivateExtension dbaeumer.vscode-eslint {"startup":true,"activationEvent":"*"}
[2019-11-03 19:22:09.796] [exthost] [info] ExtensionService#loadCommonJSModule C:\Users\User\.codemix\extensions\dbaeumer.vscode-eslint-1.8.2\client\out\extension
[2019-11-03 19:22:10.031] [exthost] [info] ExtensionService#_doActivateExtension vscode.debug-auto-launch {"startup":true,"activationEvent":"*"}
[2019-11-03 19:22:10.031] [exthost] [info] ExtensionService#loadCommonJSModule d:\eclipse\eclipse\plugins\com.genuitec.eclipse.code.engine.app.win32.x86_64_3.6.0.201910290238\engine\resources\app\extensions\debug-auto-launch\dist\extension
[2019-11-03 19:22:10.166] [exthost] [info] ExtensionService#_doActivateExtension vscode.emmet {"startup":true,"activationEvent":"*"}
[2019-11-03 19:22:10.166] [exthost] [info] ExtensionService#loadCommonJSModule d:\eclipse\eclipse\plugins\com.genuitec.eclipse.code.engine.app.win32.x86_64_3.6.0.201910290238\engine\resources\app\extensions\emmet\dist\extension
[2019-11-03 19:22:10.299] [exthost] [info] ExtensionService#_doActivateExtension formulahendry.auto-close-tag {"startup":true,"activationEvent":"*"}
[2019-11-03 19:22:10.299] [exthost] [info] ExtensionService#loadCommonJSModule C:\Users\User\.codemix\extensions\formulahendry.auto-close-tag-0.5.6\out\src\extension
[2019-11-03 19:22:10.394] [exthost] [info] ExtensionService#_doActivateExtension formulahendry.auto-rename-tag {"startup":true,"activationEvent":"*"}
[2019-11-03 19:22:10.394] [exthost] [info] ExtensionService#loadCommonJSModule C:\Users\User\.codemix\extensions\formulahendry.auto-rename-tag-0.0.15\out\src\extension
[2019-11-03 19:22:10.511] [exthost] [info] ExtensionService#_doActivateExtension Zignd.html-css-class-completion {"startup":true,"activationEvent":"*"}
[2019-11-03 19:22:10.511] [exthost] [info] ExtensionService#loadCommonJSModule C:\Users\User\.codemix\extensions\zignd.html-css-class-completion-1.17.1\out\src\extension
[2019-11-03 19:22:28.888] [exthost] [info] ExtensionService#_doActivateExtension vscode.configuration-editing {"startup":false,"activationEvent":"onLanguage:jsonc"}
[2019-11-03 19:22:28.888] [exthost] [info] ExtensionService#loadCommonJSModule d:\eclipse\eclipse\plugins\com.genuitec.eclipse.code.engine.app.win32.x86_64_3.6.0.201910290238\engine\resources\app\extensions\configuration-editing\dist\extension
[2019-11-03 19:22:29.044] [exthost] [info] ExtensionService#_doActivateExtension vscode.json-language-features {"startup":false,"activationEvent":"onLanguage:jsonc"}
[2019-11-03 19:22:29.045] [exthost] [info] ExtensionService#loadCommonJSModule d:\eclipse\eclipse\plugins\com.genuitec.eclipse.code.engine.app.win32.x86_64_3.6.0.201910290238\engine\resources\app\extensions\json-language-features\client\dist\jsonMain
[2019-11-03 19:22:29.485] [exthost] [info] ExtensionService#_doActivateExtension vscode.typescript-language-features {"startup":false,"activationEvent":"onLanguage:jsonc"}
[2019-11-03 19:22:29.485] [exthost] [info] ExtensionService#loadCommonJSModule d:\eclipse\eclipse\plugins\com.genuitec.eclipse.code.engine.app.win32.x86_64_3.6.0.201910290238\engine\resources\app\extensions\typescript-language-features\dist\extension
[2019-11-03 19:22:29.875] [exthost] [info] ExtensionService#_doActivateExtension vscode.grunt {"startup":false,"activationEvent":"onCommand:workbench.action.tasks.runTask"}
[2019-11-03 19:22:29.875] [exthost] [info] ExtensionService#loadCommonJSModule d:\eclipse\eclipse\plugins\com.genuitec.eclipse.code.engine.app.win32.x86_64_3.6.0.201910290238\engine\resources\app\extensions\grunt\dist\main
[2019-11-03 19:22:29.970] [exthost] [info] ExtensionService#_doActivateExtension vscode.gulp {"startup":false,"activationEvent":"onCommand:workbench.action.tasks.runTask"}
[2019-11-03 19:22:29.970] [exthost] [info] ExtensionService#loadCommonJSModule d:\eclipse\eclipse\plugins\com.genuitec.eclipse.code.engine.app.win32.x86_64_3.6.0.201910290238\engine\resources\app\extensions\gulp\dist\main
[2019-11-03 19:22:30.104] [exthost] [info] ExtensionService#_doActivateExtension vscode.jake {"startup":false,"activationEvent":"onCommand:workbench.action.tasks.runTask"}
[2019-11-03 19:22:30.104] [exthost] [info] ExtensionService#loadCommonJSModule d:\eclipse\eclipse\plugins\com.genuitec.eclipse.code.engine.app.win32.x86_64_3.6.0.201910290238\engine\resources\app\extensions\jake\dist\main
[2019-11-03 19:22:30.238] [exthost] [info] ExtensionService#_doActivateExtension vscode.npm {"startup":false,"activationEvent":"onCommand:workbench.action.tasks.runTask"}
[2019-11-03 19:22:30.238] [exthost] [info] ExtensionService#loadCommonJSModule d:\eclipse\eclipse\plugins\com.genuitec.eclipse.code.engine.app.win32.x86_64_3.6.0.201910290238\engine\resources\app\extensions\npm\dist\main
[2019-11-03 19:22:30.496] [exthost] [info] eager extensions activated
